0 info it worked if it ends with ok
1 verbose cli [ '/usr/local/bin/node',
1 verbose cli   '/usr/local/bin/npm',
1 verbose cli   'install',
1 verbose cli   'node-sass',
1 verbose cli   '-g' ]
2 info using npm@2.15.9
3 info using node@v4.5.0
4 verbose install initial load of /usr/local/lib/package.json
5 verbose readDependencies loading dependencies from /usr/local/lib/package.json
6 silly cache add args [ 'node-sass', null ]
7 verbose cache add spec node-sass
8 silly cache add parsed spec Result {
8 silly cache add   raw: 'node-sass',
8 silly cache add   scope: null,
8 silly cache add   name: 'node-sass',
8 silly cache add   rawSpec: '',
8 silly cache add   spec: 'latest',
8 silly cache add   type: 'tag' }
9 silly addNamed node-sass@latest
10 verbose addNamed "latest" is being treated as a dist-tag for node-sass
11 info addNameTag [ 'node-sass', 'latest' ]
12 silly mapToRegistry name node-sass
13 silly mapToRegistry using default registry
14 silly mapToRegistry registry https://registry.npmjs.org/
15 silly mapToRegistry data Result {
15 silly mapToRegistry   raw: 'node-sass',
15 silly mapToRegistry   scope: null,
15 silly mapToRegistry   name: 'node-sass',
15 silly mapToRegistry   rawSpec: '',
15 silly mapToRegistry   spec: 'latest',
15 silly mapToRegistry   type: 'tag' }
16 silly mapToRegistry uri https://registry.npmjs.org/node-sass
17 verbose addNameTag registry:https://registry.npmjs.org/node-sass not in flight; fetching
18 verbose request uri https://registry.npmjs.org/node-sass
19 verbose request no auth needed
20 info attempt registry request try #1 at 12:38:27 PM
21 verbose request id 01340f697d4a94bb
22 http request GET https://registry.npmjs.org/node-sass
23 http 200 https://registry.npmjs.org/node-sass
24 verbose headers { server: 'CouchDB/1.5.0 (Erlang OTP/R16B03)',
24 verbose headers   etag: '"28G6J4GRU5WQFWTE9B7EP3F1O"',
24 verbose headers   'content-type': 'application/json',
24 verbose headers   'content-encoding': 'gzip',
24 verbose headers   'cache-control': 'max-age=300',
24 verbose headers   'content-length': '25724',
24 verbose headers   'accept-ranges': 'bytes',
24 verbose headers   date: 'Thu, 15 Sep 2016 19:38:27 GMT',
24 verbose headers   via: '1.1 varnish',
24 verbose headers   age: '25',
24 verbose headers   connection: 'keep-alive',
24 verbose headers   'x-served-by': 'cache-sea1921-SEA',
24 verbose headers   'x-cache': 'HIT',
24 verbose headers   'x-cache-hits': '3',
24 verbose headers   'x-timer': 'S1473968307.884259,VS0,VE0',
24 verbose headers   vary: 'Accept-Encoding' }
25 silly get cb [ 200,
25 silly get   { server: 'CouchDB/1.5.0 (Erlang OTP/R16B03)',
25 silly get     etag: '"28G6J4GRU5WQFWTE9B7EP3F1O"',
25 silly get     'content-type': 'application/json',
25 silly get     'content-encoding': 'gzip',
25 silly get     'cache-control': 'max-age=300',
25 silly get     'content-length': '25724',
25 silly get     'accept-ranges': 'bytes',
25 silly get     date: 'Thu, 15 Sep 2016 19:38:27 GMT',
25 silly get     via: '1.1 varnish',
25 silly get     age: '25',
25 silly get     connection: 'keep-alive',
25 silly get     'x-served-by': 'cache-sea1921-SEA',
25 silly get     'x-cache': 'HIT',
25 silly get     'x-cache-hits': '3',
25 silly get     'x-timer': 'S1473968307.884259,VS0,VE0',
25 silly get     vary: 'Accept-Encoding' } ]
26 verbose get saving node-sass to /Users/TanyaJimmy/.npm/registry.npmjs.org/node-sass/.cache.json
27 verbose correctMkdir /Users/TanyaJimmy/.npm correctMkdir not in flight; initializing
28 verbose makeDirectory /Users/TanyaJimmy/.npm creation not in flight; initializing
29 silly makeDirectory /Users/TanyaJimmy/.npm uid: 501 gid: 20
30 silly addNameTag next cb for node-sass with tag latest
31 silly addNamed node-sass@3.10.0
32 verbose addNamed "3.10.0" is a plain semver version for node-sass
33 silly mapToRegistry name node-sass
34 silly mapToRegistry using default registry
35 silly mapToRegistry registry https://registry.npmjs.org/
36 silly mapToRegistry data Result {
36 silly mapToRegistry   raw: 'node-sass',
36 silly mapToRegistry   scope: null,
36 silly mapToRegistry   name: 'node-sass',
36 silly mapToRegistry   rawSpec: '',
36 silly mapToRegistry   spec: 'latest',
36 silly mapToRegistry   type: 'tag' }
37 silly mapToRegistry uri https://registry.npmjs.org/node-sass
38 verbose addRemoteTarball https://registry.npmjs.org/node-sass/-/node-sass-3.10.0.tgz not in flight; adding
39 verbose addRemoteTarball [ 'https://registry.npmjs.org/node-sass/-/node-sass-3.10.0.tgz',
39 verbose addRemoteTarball   '01864956f23f05c1bc80c3858d9c5051ec0462f1' ]
40 info retry fetch attempt 1 at 12:38:28 PM
41 info attempt registry request try #1 at 12:38:28 PM
42 http fetch GET https://registry.npmjs.org/node-sass/-/node-sass-3.10.0.tgz
43 http fetch 200 https://registry.npmjs.org/node-sass/-/node-sass-3.10.0.tgz
44 silly fetchAndShaCheck shasum 01864956f23f05c1bc80c3858d9c5051ec0462f1
45 verbose addTmpTarball /var/folders/j3/2530b2654wdfhkv3xht62mym0000gn/T/npm-26929-1aeb186d/registry.npmjs.org/node-sass/-/node-sass-3.10.0.tgz not in flight; adding
46 verbose addTmpTarball already have metadata; skipping unpack for node-sass@3.10.0
47 verbose correctMkdir /Users/TanyaJimmy/.npm correctMkdir not in flight; initializing
48 silly cache afterAdd node-sass@3.10.0
49 verbose afterAdd /Users/TanyaJimmy/.npm/node-sass/3.10.0/package/package.json not in flight; writing
50 verbose correctMkdir /Users/TanyaJimmy/.npm correctMkdir not in flight; initializing
51 verbose afterAdd /Users/TanyaJimmy/.npm/node-sass/3.10.0/package/package.json written
52 silly install resolved [ { name: 'node-sass',
52 silly install resolved     version: '3.10.0',
52 silly install resolved     libsass: '3.3.6',
52 silly install resolved     description: 'Wrapper around libsass',
52 silly install resolved     license: 'MIT',
52 silly install resolved     bugs: { url: 'https://github.com/sass/node-sass/issues' },
52 silly install resolved     homepage: 'https://github.com/sass/node-sass',
52 silly install resolved     repository:
52 silly install resolved      { type: 'git',
52 silly install resolved        url: 'git+https://github.com/sass/node-sass.git' },
52 silly install resolved     author:
52 silly install resolved      { name: 'Andrew Nesbitt',
52 silly install resolved        email: 'andrewnez@gmail.com',
52 silly install resolved        url: 'http://andrew.github.com' },
52 silly install resolved     engines: { node: '>=0.10.0' },
52 silly install resolved     main: 'lib/index.js',
52 silly install resolved     nodeSassConfig: { binarySite: 'https://github.com/sass/node-sass/releases/download' },
52 silly install resolved     bin: { 'node-sass': 'bin/node-sass' },
52 silly install resolved     gypfile: true,
52 silly install resolved     scripts:
52 silly install resolved      { coverage: 'node scripts/coverage.js',
52 silly install resolved        install: 'node scripts/install.js',
52 silly install resolved        postinstall: 'node scripts/build.js',
52 silly install resolved        lint: 'eslint bin/node-sass lib scripts test',
52 silly install resolved        test: 'mocha test',
52 silly install resolved        build: 'node scripts/build.js --force',
52 silly install resolved        prepublish: 'not-in-install && node scripts/prepublish.js || in-install' },
52 silly install resolved     files: [ 'bin', 'binding.gyp', 'lib', 'scripts', 'src', 'vendor' ],
52 silly install resolved     keywords: [ 'css', 'libsass', 'preprocessor', 'sass', 'scss', 'style' ],
52 silly install resolved     dependencies:
52 silly install resolved      { 'async-foreach': '^0.1.3',
52 silly install resolved        chalk: '^1.1.1',
52 silly install resolved        'cross-spawn': '^3.0.0',
52 silly install resolved        gaze: '^1.0.0',
52 silly install resolved        'get-stdin': '^4.0.1',
52 silly install resolved        glob: '^7.0.3',
52 silly install resolved        'in-publish': '^2.0.0',
52 silly install resolved        'lodash.assign': '^4.2.0',
52 silly install resolved        'lodash.clonedeep': '^4.3.2',
52 silly install resolved        meow: '^3.7.0',
52 silly install resolved        mkdirp: '^0.5.1',
52 silly install resolved        nan: '^2.3.2',
52 silly install resolved        'node-gyp': '^3.3.1',
52 silly install resolved        npmlog: '^4.0.0',
52 silly install resolved        request: '^2.61.0',
52 silly install resolved        'sass-graph': '^2.1.1' },
52 silly install resolved     devDependencies:
52 silly install resolved      { coveralls: '^2.11.8',
52 silly install resolved        eslint: '^3.4.0',
52 silly install resolved        istanbul: '^0.4.2',
52 silly install resolved        mocha: '^2.4.5',
52 silly install resolved        'mocha-lcov-reporter': '^1.2.0',
52 silly install resolved        'object-merge': '^2.5.1',
52 silly install resolved        'read-yaml': '^1.0.0',
52 silly install resolved        rimraf: '^2.5.2',
52 silly install resolved        'sass-spec': '^3.3.6-3' },
52 silly install resolved     gitHead: 'aec7049bef2e5262083784b3fc5b6f7d97fb005c',
52 silly install resolved     _id: 'node-sass@3.10.0',
52 silly install resolved     _shasum: '01864956f23f05c1bc80c3858d9c5051ec0462f1',
52 silly install resolved     _from: 'node-sass@latest',
52 silly install resolved     _npmVersion: '3.7.3',
52 silly install resolved     _nodeVersion: '5.9.0',
52 silly install resolved     _npmUser: { name: 'xzyfer', email: 'xzyfer@gmail.com' },
52 silly install resolved     dist:
52 silly install resolved      { shasum: '01864956f23f05c1bc80c3858d9c5051ec0462f1',
52 silly install resolved        tarball: 'https://registry.npmjs.org/node-sass/-/node-sass-3.10.0.tgz' },
52 silly install resolved     maintainers:
52 silly install resolved      [ [Object],
52 silly install resolved        [Object],
52 silly install resolved        [Object],
52 silly install resolved        [Object],
52 silly install resolved        [Object],
52 silly install resolved        [Object],
52 silly install resolved        [Object] ],
52 silly install resolved     _npmOperationalInternal:
52 silly install resolved      { host: 'packages-16-east.internal.npmjs.com',
52 silly install resolved        tmp: 'tmp/node-sass-3.10.0.tgz_1473817226650_0.726131311384961' },
52 silly install resolved     directories: {},
52 silly install resolved     _resolved: 'https://registry.npmjs.org/node-sass/-/node-sass-3.10.0.tgz' } ]
53 info install node-sass@3.10.0 into /usr/local/lib
54 info installOne node-sass@3.10.0
55 verbose installOne of node-sass to /usr/local/lib not in flight; installing
56 verbose correctMkdir /Users/TanyaJimmy/.npm/_locks correctMkdir not in flight; initializing
57 verbose makeDirectory /Users/TanyaJimmy/.npm/_locks creation not in flight; initializing
58 silly makeDirectory /Users/TanyaJimmy/.npm/_locks uid: 501 gid: 20
59 verbose lock using /Users/TanyaJimmy/.npm/_locks/node-sass-42055b1ce46574a3.lock for /usr/local/lib/node_modules/node-sass
60 silly install write writing node-sass 3.10.0 to /usr/local/lib/node_modules/node-sass
61 verbose unbuild lib/node_modules/node-sass
62 silly gentlyRm /usr/local/lib/node_modules/node-sass is being purged from base /usr/local
63 verbose gentlyRm don't care about contents; nuking /usr/local/lib/node_modules/node-sass
64 verbose tar unpack /Users/TanyaJimmy/.npm/node-sass/3.10.0/package.tgz
65 verbose tar unpacking to /usr/local/lib/node_modules/node-sass
66 silly gentlyRm /usr/local/lib/node_modules/node-sass is being purged
67 verbose gentlyRm don't care about contents; nuking /usr/local/lib/node_modules/node-sass
68 silly gunzTarPerm modes [ '755', '644' ]
69 error tar.unpack untar error /Users/TanyaJimmy/.npm/node-sass/3.10.0/package.tgz
70 verbose unlock done using /Users/TanyaJimmy/.npm/_locks/node-sass-42055b1ce46574a3.lock for /usr/local/lib/node_modules/node-sass
71 verbose fstream_path /usr/local/lib/node_modules/node-sass
72 verbose fstream_type Directory
73 verbose fstream_class DirWriter
74 verbose stack Error: EACCES: permission denied, mkdir '/usr/local/lib/node_modules/node-sass'
74 verbose stack     at Error (native)
75 verbose fstream_stack /usr/local/lib/node_modules/npm/node_modules/fstream/lib/dir-writer.js:35:25
75 verbose fstream_stack /usr/local/lib/node_modules/npm/node_modules/mkdirp/index.js:47:53
75 verbose fstream_stack FSReqWrap.oncomplete (fs.js:82:15)
76 verbose cwd /Users/TanyaJimmy/CodeProjects/portfolio-project/styles
77 error Darwin 15.6.0
78 error argv "/usr/local/bin/node" "/usr/local/bin/npm" "install" "node-sass" "-g"
79 error node v4.5.0
80 error npm  v2.15.9
81 error path /usr/local/lib/node_modules/node-sass
82 error code EACCES
83 error errno -13
84 error syscall mkdir
85 error Error: EACCES: permission denied, mkdir '/usr/local/lib/node_modules/node-sass'
85 error     at Error (native)
85 error  { [Error: EACCES: permission denied, mkdir '/usr/local/lib/node_modules/node-sass']
85 error   errno: -13,
85 error   code: 'EACCES',
85 error   syscall: 'mkdir',
85 error   path: '/usr/local/lib/node_modules/node-sass',
85 error   fstream_type: 'Directory',
85 error   fstream_path: '/usr/local/lib/node_modules/node-sass',
85 error   fstream_class: 'DirWriter',
85 error   fstream_stack:
85 error    [ '/usr/local/lib/node_modules/npm/node_modules/fstream/lib/dir-writer.js:35:25',
85 error      '/usr/local/lib/node_modules/npm/node_modules/mkdirp/index.js:47:53',
85 error      'FSReqWrap.oncomplete (fs.js:82:15)' ] }
86 error Please try running this command again as root/Administrator.
87 verbose exit [ -13, true ]
88 verbose unbuild lib/node_modules/node-sass
89 silly gentlyRm /usr/local/lib/node_modules/node-sass is being purged from base /usr/local
90 verbose gentlyRm don't care about contents; nuking /usr/local/lib/node_modules/node-sass
